../scripts/extract-cert.c: In function ‘display_openssl_errors’:
../scripts/extract-cert.c:46:21: warning: implicit declaration of function ‘ERR_get_error_line’; did you mean ‘ERR_peek_error_line’? [-Wimplicit-function-declaration]
   46 |         while ((e = ERR_get_error_line(&file, &line))) {
      |                     ^~~~~~~~~~~~~~~~~~
      |                     ERR_peek_error_line
../scripts/extract-cert.c: In function ‘main’:
../scripts/extract-cert.c:128:17: warning: ‘ENGINE_init’ is deprecated: Since OpenSSL 3.0 [-Wdeprecated-declarations]
  128 |                 if (ENGINE_init(e))
      |                 ^~
In file included from ../scripts/extract-cert.c:24:
/usr/include/openssl/engine.h:443:27: note: declared here
  443 | OSSL_DEPRECATEDIN_3_0 int ENGINE_init(ENGINE *e);
      |                           ^~~~~~~~~~~
../drivers/misc/mediatek/gpu/ged/src/ged_hal.c:208:9: warning: unused variable 'j' [-Wunused-variable]
        int i, j;
               ^
1 warning generated.
../drivers/misc/mediatek/connectivity/wlan/core/gen4m/chips/common/fw_dl.c:2351:9: warning: ROM code supports SEM-CTRL for ROM patch download [-W#pragma-messages]
#pragma message("ROM code supports SEM-CTRL for ROM patch download")

     ^
1 warning generated.
../drivers/misc/mediatek/teei/300/tz_driver/teei_smc_call.c:30:9: warning: 'IMSG_TAG' macro redefined [-Wmacro-redefined]
#define IMSG_TAG "[tz_driver]"
        ^
../drivers/misc/mediatek/teei/300/common/include/imsg_log.h:19:9: note: previous definition is here
#define IMSG_TAG "[ISEE DRV]"
        ^
1 warning generated.
../drivers/misc/mediatek/teei/300/tz_driver/teei_smc_call.c:30:9: warning: 'IMSG_TAG' macro redefined [-Wmacro-redefined]
#define IMSG_TAG "[tz_driver]"
        ^
../drivers/misc/mediatek/teei/300/common/include/imsg_log.h:19:9: note: previous definition is here
#define IMSG_TAG "[ISEE DRV]"
        ^
1 warning generated.
../drivers/misc/mediatek/teei/300/tz_driver/switch_queue.c:46:9: warning: 'IMSG_TAG' macro redefined [-Wmacro-redefined]
#define IMSG_TAG "[tz_driver]"
        ^
../drivers/misc/mediatek/teei/300/common/include/imsg_log.h:19:9: note: previous definition is here
#define IMSG_TAG "[ISEE DRV]"
        ^
../drivers/misc/mediatek/teei/300/tz_driver/switch_queue.c:162:26: warning: unused variable 's' [-Wunused-variable]
        struct tz_driver_state *s = get_tz_drv_state();
                                ^
2 warnings generated.
ld.lld: error: built-in.o(arch/arm64/lib/lib-ksyms.o): invalid symbol name offset
make[1]: *** [/home/wahid/kernels/ver/bal/Makefile:1155: vmlinux] Error 1
make: *** [Makefile:146: sub-make] Error 2
[?2004h]0;wahid@Wahid-PC: ~/kernels/ver/bal[01;32mwahid@Wahid-PC[00m:[01;34m~/kernels/ver/bal[00m$ [?2004l[?2004l
